0 info it worked if it ends with ok
1 verbose cli [ 'D:\\Develop\\Web\\Run\\Node\\node.exe',
1 verbose cli   'D:\\Develop\\Web\\Run\\Node\\node_modules\\npm\\bin\\npm-cli.js',
1 verbose cli   'run',
1 verbose cli   'webpack' ]
2 info using npm@3.3.12
3 info using node@v5.2.0
4 verbose run-script [ 'prewebpack', 'webpack', 'postwebpack' ]
5 info lifecycle ui-dna@0.0.1~prewebpack: ui-dna@0.0.1
6 silly lifecycle ui-dna@0.0.1~prewebpack: no script for prewebpack, continuing
7 info lifecycle ui-dna@0.0.1~webpack: ui-dna@0.0.1
8 verbose lifecycle ui-dna@0.0.1~webpack: unsafe-perm in lifecycle true
9 verbose lifecycle ui-dna@0.0.1~webpack: PATH: D:\Develop\Web\Run\Node\node_modules\npm\bin\node-gyp-bin;C:\Users\nullice\MyProject\UI-DNA\DVE\node_modules\.bin;C:\Users\nullice\AppData\Roaming\Tencent\QPlus\4.8.3071.0\QPlusRes\features\kissweather\bin\;C:\Users\nullice\AppData\Roaming\Tencent\QPlus\4.8.3071.0\QPlusRes\features\searchtool\bin\;C:\Users\nullice\AppData\Roaming\Tencent\QPlus\4.8.3071.0\QPlusRes\features\personalcenter\bin\;C:\Users\nullice\AppData\Roaming\Tencent\QPlus\4.8.3071.0\QPlusRes\features\frequentapptips\bin\;C:\Users\nullice\AppData\Roaming\Tencent\QPlus\4.8.3071.0\QPlusRes\features\backgroundtool\bin\;C:\Users\nullice\AppData\Roaming\Tencent\QPlus\4.8.3071.0\QPlusRes\features\mirrorscreen\bin\;C:\Users\nullice\AppData\Roaming\Tencent\QPlus\4.8.3071.0\Bin\;C:\Program Files (x86)\Intel\iCLS Client\;C:\Program Files\Intel\iCLS Client\;C:\Windows\system32;C:\Windows;C:\Windows\System32\Wbem;C:\Windows\System32\WindowsPowerShell\v1.0\;C:\Program Files (x86)\NVIDIA Corporation\PhysX\Common;c:\Program Files\Intel\WiFi\bin\;c:\Program Files\Common Files\Intel\WirelessCommon\;C:\Program Files (x86)\Intel\Intel(R) Management Engine Components\DAL;C:\Program Files\Intel\Intel(R) Management Engine Components\DAL;C:\Program Files (x86)\Intel\Intel(R) Management Engine Components\IPT;C:\Program Files\Intel\Intel(R) Management Engine Components\IPT;C:\Users\nullice\AppData\Local\Microsoft\WindowsApps;c:\Program Files\Intel\WiFi\bin\;c:\Program Files\Common Files\Intel\WirelessCommon\
10 verbose lifecycle ui-dna@0.0.1~webpack: CWD: C:\Users\nullice\MyProject\UI-DNA\DVE
11 silly lifecycle ui-dna@0.0.1~webpack: Args: [ '/d /s /c', 'webpack' ]
12 silly lifecycle ui-dna@0.0.1~webpack: Returned: code: 1  signal: null
13 info lifecycle ui-dna@0.0.1~webpack: Failed to exec webpack script
14 verbose stack Error: ui-dna@0.0.1 webpack: `webpack`
14 verbose stack Exit status 1
14 verbose stack     at EventEmitter.<anonymous> (D:\Develop\Web\Run\Node\node_modules\npm\lib\utils\lifecycle.js:232:16)
14 verbose stack     at emitTwo (events.js:88:13)
14 verbose stack     at EventEmitter.emit (events.js:173:7)
14 verbose stack     at ChildProcess.<anonymous> (D:\Develop\Web\Run\Node\node_modules\npm\lib\utils\spawn.js:24:14)
14 verbose stack     at emitTwo (events.js:88:13)
14 verbose stack     at ChildProcess.emit (events.js:173:7)
14 verbose stack     at maybeClose (internal/child_process.js:819:16)
14 verbose stack     at Process.ChildProcess._handle.onexit (internal/child_process.js:212:5)
15 verbose pkgid ui-dna@0.0.1
16 verbose cwd C:\Users\nullice\MyProject\UI-DNA\DVE
17 error Windows_NT 10.0.14393
18 error argv "D:\\Develop\\Web\\Run\\Node\\node.exe" "D:\\Develop\\Web\\Run\\Node\\node_modules\\npm\\bin\\npm-cli.js" "run" "webpack"
19 error node v5.2.0
20 error npm  v3.3.12
21 error code ELIFECYCLE
22 error ui-dna@0.0.1 webpack: `webpack`
22 error Exit status 1
23 error Failed at the ui-dna@0.0.1 webpack script 'webpack'.
23 error Make sure you have the latest version of node.js and npm installed.
23 error If you do, this is most likely a problem with the ui-dna package,
23 error not with npm itself.
23 error Tell the author that this fails on your system:
23 error     webpack
23 error You can get their info via:
23 error     npm owner ls ui-dna
23 error There is likely additional logging output above.
24 verbose exit [ 1, true ]
